2022-01-31 09:17:38 INFO  ProjectStartupHandler.runActivity(74) - ---------- Project opened ----------
2022-01-31 09:17:38 INFO  ProjectStartupHandler.runActivity(75) - ---------- Version 3.56 ----------

2022-01-31 09:17:39 INFO  ProjectStartupHandler.setAutoscrolls(346) - Autoscrolls successfully set
2022-01-31 09:17:39 INFO  ApacheHttpClient.isSessionAppropriateWithSecretKey(589) - The session is not set in the property file.
2022-01-31 09:17:39 INFO  ApacheHttpClient.login(250) - Waiting for server response.
2022-01-31 09:17:39 INFO  ApacheHttpClient.login(254) - responseCode = 200
2022-01-31 09:17:39 INFO  ApacheHttpClient.login(277) - JSESSIONID OK
2022-01-31 09:17:39 INFO  ApacheHttpClient.refreshUserInfo(305) - responseCode = 200
2022-01-31 09:17:39 INFO  ApacheHttpClient.refreshUserInfo(311) - User information received.
2022-01-31 09:17:39 INFO  ApacheHttpClient.startGA(36) - GAService started.
2022-01-31 09:17:40 INFO  ApacheHttpClient.getWebResourceAsStream(502) - responseCode = 200
2022-01-31 09:17:42 INFO  ApacheHttpClient.getFilteredTasks(336) - responseCode = 200
2022-01-31 09:17:48 INFO  ApacheHttpClient.getFilteredTasks(336) - responseCode = 200
2022-01-31 09:17:52 INFO  ApacheHttpClient.getFilteredTasks(336) - responseCode = 200
2022-01-31 09:17:54 INFO  ApacheHttpClient.getTaskTemplateInfo(353) - responseCode = 200
2022-01-31 09:17:54 INFO  TaskInfoSelectorMouseListener.createDirectoryRecursive(77) - File created :D:/YandexDisk/Java/JavaRush/JavaRushTasks/4.JavaCollections/src/com
2022-01-31 09:17:54 INFO  TaskInfoSelectorMouseListener.createDirectoryRecursive(77) - File created :D:/YandexDisk/Java/JavaRush/JavaRushTasks/4.JavaCollections/src/com/javarush
2022-01-31 09:17:54 INFO  TaskInfoSelectorMouseListener.createDirectoryRecursive(77) - File created :D:/YandexDisk/Java/JavaRush/JavaRushTasks/4.JavaCollections/src/com/javarush/task
2022-01-31 09:17:54 INFO  TaskInfoSelectorMouseListener.createDirectoryRecursive(77) - File created :D:/YandexDisk/Java/JavaRush/JavaRushTasks/4.JavaCollections/src/com/javarush/task/task36
2022-01-31 09:17:54 INFO  TaskInfoSelectorMouseListener.createDirectoryRecursive(77) - File created :D:/YandexDisk/Java/JavaRush/JavaRushTasks/4.JavaCollections/src/com/javarush/task/task36/task3602
2022-01-31 09:33:35 INFO  ApacheHttpClient.getWebResourceAsStream(502) - responseCode = 200
2022-01-31 09:33:35 INFO  ApacheHttpClient.getTask(488) - responseCode = 200
2022-01-31 09:33:36 INFO  ApacheHttpClient.completed(32) - responseCode = 200
2022-01-31 09:38:45 INFO  ApacheHttpClient.getWebResourceAsStream(502) - responseCode = 200
2022-01-31 09:38:45 INFO  ApacheHttpClient.getTask(488) - responseCode = 200
2022-01-31 09:38:47 INFO  ApacheHttpClient.completed(32) - responseCode = 200
2022-02-01 15:42:21 INFO  ApacheHttpClient.getWebResourceAsStream(502) - responseCode = 200
2022-02-01 15:42:21 INFO  ApacheHttpClient.getTask(488) - responseCode = 200
2022-02-01 15:42:21 INFO  ApacheHttpClient.completed(32) - responseCode = 200
2022-02-01 15:43:37 INFO  ApacheHttpClient.getWebResourceAsStream(502) - responseCode = 200
2022-02-01 15:43:38 INFO  ApacheHttpClient.getTask(488) - responseCode = 200
2022-02-01 15:43:40 INFO  ApacheHttpClient.completed(32) - responseCode = 200
2022-02-01 15:43:40 INFO  ApacheHttpClient.getTask(488) - responseCode = 200
2022-02-01 15:44:54 INFO  ApacheHttpClient.getWebResourceAsStream(502) - responseCode = 200
2022-02-01 15:44:54 INFO  ApacheHttpClient.getFilteredTasks(336) - responseCode = 200
2022-02-01 15:44:55 INFO  ApacheHttpClient.getTaskTemplateInfo(353) - responseCode = 200
2022-02-01 15:44:55 INFO  TaskInfoSelectorMouseListener.createDirectoryRecursive(77) - File created :D:/YandexDisk/Java/JavaRush/JavaRushTasks/4.JavaCollections/src/com/javarush/task/task36/task3603
2022-02-01 15:44:56 INFO  ApacheHttpClient.getTask(488) - responseCode = 200
2022-02-01 15:49:24 INFO  ApacheHttpClient.getWebResourceAsStream(502) - responseCode = 200
2022-02-01 15:49:24 INFO  ApacheHttpClient.getTask(488) - responseCode = 200
2022-02-01 15:49:28 INFO  ApacheHttpClient.completed(32) - responseCode = 200
2022-02-01 15:49:28 INFO  ApacheHttpClient.getTask(488) - responseCode = 200
2022-02-02 11:43:31 INFO  ApacheHttpClient.getWebResourceAsStream(502) - responseCode = 200
2022-02-02 11:43:32 INFO  ApacheHttpClient.getFilteredTasks(336) - responseCode = 200
2022-02-02 11:43:33 INFO  ApacheHttpClient.getTaskTemplateInfo(353) - responseCode = 200
2022-02-02 11:43:33 INFO  TaskInfoSelectorMouseListener.createDirectoryRecursive(77) - File created :D:/YandexDisk/Java/JavaRush/JavaRushTasks/4.JavaCollections/src/com/javarush/task/task36/task3605
2022-02-02 11:43:33 INFO  ApacheHttpClient.getTask(488) - responseCode = 200
2022-02-02 12:10:48 INFO  ApacheHttpClient.getWebResourceAsStream(502) - responseCode = 200
2022-02-02 12:10:48 INFO  ApacheHttpClient.getFilteredTasks(336) - responseCode = 200
2022-02-02 12:11:23 INFO  ApacheHttpClient.getWebResourceAsStream(502) - responseCode = 200
2022-02-02 12:11:23 INFO  ApacheHttpClient.getTask(488) - responseCode = 200
2022-02-02 12:11:25 INFO  ApacheHttpClient.completed(32) - responseCode = 200
2022-02-02 12:16:19 INFO  ApacheHttpClient.getWebResourceAsStream(502) - responseCode = 200
2022-02-02 12:16:20 INFO  ApacheHttpClient.getTask(488) - responseCode = 200
2022-02-02 12:16:22 INFO  ApacheHttpClient.completed(32) - responseCode = 200
2022-02-02 12:23:39 INFO  ApacheHttpClient.getWebResourceAsStream(502) - responseCode = 200
2022-02-02 12:23:40 INFO  ApacheHttpClient.getTask(488) - responseCode = 200
2022-02-02 12:23:42 INFO  ApacheHttpClient.completed(32) - responseCode = 200
2022-02-02 12:24:15 INFO  ApacheHttpClient.getWebResourceAsStream(502) - responseCode = 200
2022-02-02 12:24:16 INFO  ApacheHttpClient.getTask(488) - responseCode = 200
2022-02-02 12:24:19 INFO  ApacheHttpClient.completed(32) - responseCode = 200
2022-02-02 12:24:19 INFO  ApacheHttpClient.getTask(488) - responseCode = 200
2022-02-02 12:24:29 INFO  ApacheHttpClient.getWebResourceAsStream(502) - responseCode = 200
2022-02-02 12:24:29 INFO  ApacheHttpClient.getFilteredTasks(336) - responseCode = 200
2022-02-02 12:24:30 INFO  ApacheHttpClient.getTaskTemplateInfo(353) - responseCode = 200
2022-02-02 12:24:30 INFO  TaskInfoSelectorMouseListener.createDirectoryRecursive(77) - File created :D:/YandexDisk/Java/JavaRush/JavaRushTasks/4.JavaCollections/src/com/javarush/task/task36/task3604
2022-02-02 12:24:31 INFO  ApacheHttpClient.getTask(488) - responseCode = 200
2022-02-02 12:24:31 INFO  ApacheHttpClient.getTaskTemplateInfo(353) - responseCode = 200
2022-02-07 11:02:33 INFO  ProjectStartupHandler.runActivity(74) - ---------- Project opened ----------
2022-02-07 11:02:33 INFO  ProjectStartupHandler.runActivity(75) - ---------- Version 3.56 ----------

2022-02-07 11:02:33 INFO  ApacheHttpClient.isSessionAppropriateWithSecretKey(602) - Waiting for server response.
2022-02-07 11:02:34 INFO  ApacheHttpClient.refreshUserInfo(305) - responseCode = 200
2022-02-07 11:02:34 INFO  ApacheHttpClient.refreshUserInfo(311) - User information received.
2022-02-07 11:02:34 INFO  ApacheHttpClient.startGA(36) - GAService started.
2022-02-07 11:02:57 INFO  ApacheHttpClient.getWebResourceAsStream(502) - responseCode = 200
2022-02-07 11:02:57 INFO  ApacheHttpClient.getFilteredTasks(336) - responseCode = 200
2022-02-07 11:02:58 INFO  ApacheHttpClient.getTaskTemplateInfo(353) - responseCode = 200
2022-02-07 11:55:38 INFO  ApacheHttpClient.getWebResourceAsStream(502) - responseCode = 200
2022-02-07 11:55:38 INFO  ApacheHttpClient.getTask(488) - responseCode = 200
2022-02-07 11:55:39 INFO  ApacheHttpClient.completed(32) - responseCode = 200
2022-02-07 11:56:38 INFO  ApacheHttpClient.getWebResourceAsStream(502) - responseCode = 200
2022-02-07 11:56:40 INFO  ApacheHttpClient.resetTask(324) - responseCode = 200
2022-02-07 11:56:40 INFO  ApacheHttpClient.getTask(488) - responseCode = 200
2022-02-07 11:56:40 INFO  ApacheHttpClient.getTaskTemplateInfo(353) - responseCode = 200
2022-02-07 13:29:58 INFO  ApacheHttpClient.getWebResourceAsStream(502) - responseCode = 200
2022-02-07 13:29:58 INFO  ApacheHttpClient.getTask(488) - responseCode = 200
2022-02-07 13:29:59 INFO  ApacheHttpClient.completed(32) - responseCode = 200
2022-02-07 13:31:36 INFO  ApacheHttpClient.getWebResourceAsStream(502) - responseCode = 200
2022-02-07 13:31:36 INFO  ApacheHttpClient.getTask(488) - responseCode = 200
2022-02-07 13:31:38 INFO  ApacheHttpClient.completed(32) - responseCode = 200
2022-02-07 13:34:07 INFO  ApacheHttpClient.getWebResourceAsStream(502) - responseCode = 200
2022-02-07 13:34:08 INFO  ApacheHttpClient.getTask(488) - responseCode = 200
2022-02-07 13:34:09 INFO  ApacheHttpClient.completed(32) - responseCode = 200
2022-02-07 13:36:07 INFO  ApacheHttpClient.getWebResourceAsStream(502) - responseCode = 200
2022-02-07 13:36:07 INFO  ApacheHttpClient.getTask(488) - responseCode = 200
2022-02-07 13:36:10 INFO  ApacheHttpClient.completed(32) - responseCode = 200
2022-02-07 13:36:10 INFO  ApacheHttpClient.getTask(488) - responseCode = 200
2022-02-07 13:36:31 INFO  ApacheHttpClient.getWebResourceAsStream(502) - responseCode = 200
2022-02-07 13:36:31 INFO  ApacheHttpClient.getFilteredTasks(336) - responseCode = 200
2022-02-07 13:36:32 INFO  ApacheHttpClient.getTaskTemplateInfo(353) - responseCode = 200
2022-02-07 13:36:32 INFO  TaskInfoSelectorMouseListener.createDirectoryRecursive(77) - File created :D:/YandexDisk/Java/JavaRush/JavaRushTasks/4.JavaCollections/src/com/javarush/task/task36/task3611
2022-02-07 13:36:49 INFO  ProjectStartupHandler.projectClosing(155) - ---------- Project closed ----------

2022-02-07 13:36:49 INFO  ApacheHttpClient.getTask(488) - responseCode = 200
2022-02-07 13:36:49 INFO  ApacheHttpClient.getTask(488) - responseCode = 200
2022-02-07 13:36:49 INFO  PluginProjectService.dispose(41) - PluginProjectService for disposed.
2022-02-08 09:18:12 INFO  ProjectStartupHandler.runActivity(74) - ---------- Project opened ----------
2022-02-08 09:18:12 INFO  ProjectStartupHandler.runActivity(75) - ---------- Version 3.56 ----------

2022-02-08 09:18:12 INFO  ApacheHttpClient.isSessionAppropriateWithSecretKey(602) - Waiting for server response.
2022-02-08 09:18:12 INFO  ApacheHttpClient.refreshUserInfo(305) - responseCode = 200
2022-02-08 09:18:12 INFO  ApacheHttpClient.refreshUserInfo(311) - User information received.
2022-02-08 09:18:12 INFO  ApacheHttpClient.startGA(36) - GAService started.
2022-02-08 09:51:40 INFO  ApacheHttpClient.getWebResourceAsStream(502) - responseCode = 200
2022-02-08 09:51:41 INFO  ApacheHttpClient.getTask(488) - responseCode = 200
2022-02-08 09:52:02 INFO  ApacheHttpClient.completed(32) - responseCode = 200
2022-02-08 09:57:48 INFO  ApacheHttpClient.getWebResourceAsStream(502) - responseCode = 200
2022-02-08 09:57:48 INFO  ApacheHttpClient.getTask(488) - responseCode = 200
2022-02-08 09:57:49 INFO  ApacheHttpClient.completed(32) - responseCode = 200
2022-02-08 09:57:49 INFO  ApacheHttpClient.getTask(488) - responseCode = 200
2022-02-09 09:27:52 INFO  ProjectStartupHandler.runActivity(74) - ---------- Project opened ----------
2022-02-09 09:27:52 INFO  ProjectStartupHandler.runActivity(75) - ---------- Version 3.56 ----------

2022-02-09 09:27:52 INFO  ApacheHttpClient.isSessionAppropriateWithSecretKey(602) - Waiting for server response.
2022-02-09 09:27:52 INFO  ApacheHttpClient.refreshUserInfo(305) - responseCode = 200
2022-02-09 09:27:52 INFO  ApacheHttpClient.refreshUserInfo(311) - User information received.
2022-02-09 09:27:52 INFO  ApacheHttpClient.startGA(36) - GAService started.
2022-02-09 09:28:00 INFO  ApacheHttpClient.getWebResourceAsStream(502) - responseCode = 200
2022-02-09 09:28:00 INFO  ApacheHttpClient.getFilteredTasks(336) - responseCode = 200
2022-02-09 09:28:10 INFO  ApacheHttpClient.getTaskTemplateInfo(353) - responseCode = 200
2022-02-09 09:28:10 INFO  TaskInfoSelectorMouseListener.createDirectoryRecursive(77) - File created :D:/YandexDisk/Java/JavaRush/JavaRushTasks/4.JavaCollections/src/com/javarush/task/task36/task3607
2022-02-09 09:42:43 INFO  ApacheHttpClient.getWebResourceAsStream(502) - responseCode = 200
2022-02-09 09:42:43 INFO  ApacheHttpClient.getTask(488) - responseCode = 200
2022-02-09 09:42:45 INFO  ApacheHttpClient.completed(32) - responseCode = 200
2022-02-09 09:42:45 INFO  ApacheHttpClient.getTask(488) - responseCode = 200
2022-02-09 09:42:48 INFO  ApacheHttpClient.getWebResourceAsStream(502) - responseCode = 200
2022-02-09 09:42:48 INFO  ApacheHttpClient.getFilteredTasks(336) - responseCode = 200
2022-02-09 09:42:50 INFO  ApacheHttpClient.getTaskTemplateInfo(353) - responseCode = 200
2022-02-09 09:42:50 INFO  TaskInfoSelectorMouseListener.createDirectoryRecursive(77) - File created :D:/YandexDisk/Java/JavaRush/JavaRushTasks/4.JavaCollections/src/com/javarush/task/task36/task3606
2022-02-09 09:42:50 INFO  TaskInfoSelectorMouseListener.createDirectoryRecursive(77) - File created :D:/YandexDisk/Java/JavaRush/JavaRushTasks/4.JavaCollections/src/com/javarush/task/task36/task3606/data
2022-02-09 09:42:50 INFO  TaskInfoSelectorMouseListener.createDirectoryRecursive(77) - File created :D:/YandexDisk/Java/JavaRush/JavaRushTasks/4.JavaCollections/src/com/javarush/task/task36/task3606/data/second
2022-02-09 09:42:50 INFO  ApacheHttpClient.getTask(488) - responseCode = 200
2022-02-10 09:58:04 INFO  ApacheHttpClient.getWebResourceAsStream(502) - responseCode = 200
2022-02-10 09:58:05 INFO  ApacheHttpClient.getTask(488) - responseCode = 200
2022-02-10 09:58:06 INFO  ApacheHttpClient.completed(32) - responseCode = 200
2022-02-10 09:58:21 INFO  ApacheHttpClient.getWebResourceAsStream(502) - responseCode = 200
2022-02-10 09:58:22 INFO  ApacheHttpClient.getTask(488) - responseCode = 200
2022-02-10 09:58:23 INFO  ApacheHttpClient.completed(32) - responseCode = 200
2022-02-10 10:00:49 INFO  ApacheHttpClient.getWebResourceAsStream(502) - responseCode = 200
2022-02-10 10:00:49 INFO  ApacheHttpClient.getTask(488) - responseCode = 200
2022-02-10 10:00:50 INFO  ApacheHttpClient.completed(32) - responseCode = 200
2022-02-10 10:02:46 INFO  ApacheHttpClient.getWebResourceAsStream(502) - responseCode = 200
2022-02-10 10:02:46 INFO  ApacheHttpClient.getTask(488) - responseCode = 200
2022-02-10 10:02:47 INFO  ApacheHttpClient.completed(32) - responseCode = 200
2022-02-10 10:14:07 INFO  ApacheHttpClient.getWebResourceAsStream(502) - responseCode = 200
2022-02-10 10:14:07 INFO  ApacheHttpClient.getTask(488) - responseCode = 200
2022-02-10 10:14:08 INFO  ApacheHttpClient.completed(32) - responseCode = 200
2022-02-10 10:16:47 INFO  ApacheHttpClient.getWebResourceAsStream(502) - responseCode = 200
2022-02-10 10:16:47 INFO  ApacheHttpClient.getTask(488) - responseCode = 200
2022-02-10 10:16:49 INFO  ApacheHttpClient.completed(32) - responseCode = 200
2022-02-10 10:16:49 INFO  ApacheHttpClient.getTask(488) - responseCode = 200
2022-02-10 10:16:54 INFO  ApacheHttpClient.getWebResourceAsStream(502) - responseCode = 200
2022-02-10 10:16:54 INFO  ApacheHttpClient.getFilteredTasks(336) - responseCode = 200
2022-02-10 10:16:56 INFO  ApacheHttpClient.getTaskTemplateInfo(353) - responseCode = 200
2022-02-10 10:16:56 INFO  TaskInfoSelectorMouseListener.createDirectoryRecursive(77) - File created :D:/YandexDisk/Java/JavaRush/JavaRushTasks/4.JavaCollections/src/com/javarush/task/task36/task3612
2022-02-10 10:16:56 INFO  ApacheHttpClient.getTask(488) - responseCode = 200
2022-02-10 10:35:34 INFO  ApacheHttpClient.getWebResourceAsStream(502) - responseCode = 200
2022-02-10 10:35:34 INFO  ApacheHttpClient.getTask(488) - responseCode = 200
2022-02-10 10:35:38 INFO  ApacheHttpClient.completed(32) - responseCode = 200
2022-02-10 10:35:38 INFO  ApacheHttpClient.getTask(488) - responseCode = 200
2022-02-10 10:35:44 INFO  ApacheHttpClient.getWebResourceAsStream(502) - responseCode = 200
2022-02-10 10:35:45 INFO  ApacheHttpClient.getFilteredTasks(336) - responseCode = 200
2022-02-10 10:35:46 INFO  ApacheHttpClient.getTaskTemplateInfo(353) - responseCode = 200
2022-02-10 10:35:46 INFO  TaskInfoSelectorMouseListener.createDirectoryRecursive(77) - File created :D:/YandexDisk/Java/JavaRush/JavaRushTasks/4.JavaCollections/src/com/javarush/task/task36/task3613
2022-02-10 10:35:46 INFO  ApacheHttpClient.getTask(488) - responseCode = 200
2022-02-10 10:45:31 INFO  ApacheHttpClient.getWebResourceAsStream(502) - responseCode = 200
2022-02-10 10:45:32 INFO  ApacheHttpClient.getTask(488) - responseCode = 200
2022-02-10 10:45:34 INFO  ApacheHttpClient.completed(32) - responseCode = 200
2022-02-10 10:45:34 INFO  ApacheHttpClient.getTask(488) - responseCode = 200
2022-02-10 10:45:38 INFO  ApacheHttpClient.getWebResourceAsStream(502) - responseCode = 200
2022-02-10 10:45:38 INFO  ApacheHttpClient.getFilteredTasks(336) - responseCode = 200
2022-02-10 10:45:39 INFO  ApacheHttpClient.getTaskTemplateInfo(353) - responseCode = 200
2022-02-10 10:45:39 INFO  TaskInfoSelectorMouseListener.createDirectoryRecursive(77) - File created :D:/YandexDisk/Java/JavaRush/JavaRushTasks/4.JavaCollections/src/com/javarush/task/task36/task3610
2022-02-10 10:45:39 INFO  ApacheHttpClient.getTask(488) - responseCode = 200
2022-02-10 10:45:40 INFO  ApacheHttpClient.getTaskTemplateInfo(353) - responseCode = 200
2022-02-11 09:54:26 INFO  ApacheHttpClient.getWebResourceAsStream(502) - responseCode = 200
2022-02-11 09:54:27 INFO  ApacheHttpClient.getTask(488) - responseCode = 200
2022-02-11 09:54:28 INFO  ApacheHttpClient.completed(32) - responseCode = 200
2022-02-11 10:01:31 INFO  ApacheHttpClient.getWebResourceAsStream(502) - responseCode = 200
2022-02-11 10:01:31 INFO  ApacheHttpClient.getTask(488) - responseCode = 200
2022-02-11 10:01:32 INFO  ApacheHttpClient.completed(32) - responseCode = 200
2022-02-11 10:20:25 INFO  ApacheHttpClient.getWebResourceAsStream(502) - responseCode = 200
2022-02-11 10:20:26 INFO  ApacheHttpClient.getTask(488) - responseCode = 200
2022-02-11 10:20:27 INFO  ApacheHttpClient.completed(32) - responseCode = 200
2022-02-11 10:23:04 INFO  ApacheHttpClient.getWebResourceAsStream(502) - responseCode = 200
2022-02-11 10:23:05 INFO  ApacheHttpClient.getTask(488) - responseCode = 200
2022-02-11 10:23:06 INFO  ApacheHttpClient.completed(32) - responseCode = 200
2022-02-11 10:29:59 INFO  ApacheHttpClient.getWebResourceAsStream(502) - responseCode = 200
2022-02-11 10:30:00 INFO  ApacheHttpClient.getTask(488) - responseCode = 200
2022-02-11 10:30:00 INFO  ApacheHttpClient.completed(32) - responseCode = 200
2022-02-11 10:30:34 INFO  ApacheHttpClient.getWebResourceAsStream(502) - responseCode = 200
2022-02-11 10:30:34 INFO  ApacheHttpClient.getTask(488) - responseCode = 200
2022-02-11 10:30:35 INFO  ApacheHttpClient.completed(32) - responseCode = 200
2022-02-11 10:21:30 INFO  ApacheHttpClient.getWebResourceAsStream(502) - responseCode = 200
2022-02-11 10:21:30 INFO  ApacheHttpClient.getTask(488) - responseCode = 200
2022-02-11 10:21:31 INFO  ApacheHttpClient.completed(32) - responseCode = 200
2022-02-11 10:27:47 INFO  ProjectStartupHandler.projectClosing(155) - ---------- Project closed ----------

2022-02-11 10:27:48 INFO  ApacheHttpClient.getTask(488) - responseCode = 200
2022-02-11 10:27:48 INFO  ApacheHttpClient.getTask(488) - responseCode = 200
2022-02-11 10:27:49 INFO  ApacheHttpClient.getTask(488) - responseCode = 200
2022-02-11 10:27:49 INFO  ApacheHttpClient.getTask(488) - responseCode = 200
2022-02-11 10:27:49 INFO  ApacheHttpClient.getTask(488) - responseCode = 200
2022-02-11 10:28:03 INFO  PluginProjectService.dispose(41) - PluginProjectService for disposed.
2022-02-11 13:26:41 INFO  ProjectStartupHandler.runActivity(74) - ---------- Project opened ----------
2022-02-11 13:26:41 INFO  ProjectStartupHandler.runActivity(75) - ---------- Version 3.56 ----------

2022-02-11 13:26:41 INFO  ApacheHttpClient.isSessionAppropriateWithSecretKey(602) - Waiting for server response.
2022-02-11 13:26:41 INFO  ApacheHttpClient.refreshUserInfo(305) - responseCode = 200
2022-02-11 13:26:41 INFO  ApacheHttpClient.refreshUserInfo(311) - User information received.
2022-02-11 13:26:41 INFO  ApacheHttpClient.startGA(36) - GAService started.
2022-02-11 13:28:41 INFO  ApacheHttpClient.getWebResourceAsStream(502) - responseCode = 200
2022-02-11 13:28:41 INFO  ApacheHttpClient.completed(32) - responseCode = 200
2022-02-11 13:28:41 INFO  ApacheHttpClient.getTask(488) - responseCode = 200
2022-02-11 13:29:01 INFO  ApacheHttpClient.getWebResourceAsStream(502) - responseCode = 200
2022-02-11 13:29:01 INFO  ApacheHttpClient.getTask(488) - responseCode = 200
2022-02-11 13:29:03 INFO  ApacheHttpClient.completed(32) - responseCode = 200
2022-02-11 13:29:03 INFO  ApacheHttpClient.getTask(488) - responseCode = 200
2022-02-11 13:29:59 INFO  ProjectStartupHandler.projectClosing(155) - ---------- Project closed ----------

2022-02-11 13:29:59 INFO  ApacheHttpClient.getTask(488) - responseCode = 200
2022-02-11 13:29:59 INFO  PluginProjectService.dispose(41) - PluginProjectService for disposed.
2022-02-17 09:26:27 INFO  ProjectStartupHandler.runActivity(74) - ---------- Project opened ----------
2022-02-17 09:26:27 INFO  ProjectStartupHandler.runActivity(75) - ---------- Version 3.56 ----------

2022-02-17 09:26:27 INFO  ApacheHttpClient.isSessionAppropriateWithSecretKey(602) - Waiting for server response.
2022-02-17 09:26:27 INFO  ApacheHttpClient.refreshUserInfo(305) - responseCode = 200
2022-02-17 09:26:27 INFO  ApacheHttpClient.refreshUserInfo(311) - User information received.
2022-02-17 09:26:27 INFO  ApacheHttpClient.startGA(36) - GAService started.
2022-02-17 09:26:33 INFO  ApacheHttpClient.getWebResourceAsStream(502) - responseCode = 200
2022-02-17 09:26:33 INFO  ApacheHttpClient.getFilteredTasks(336) - responseCode = 200
2022-02-17 09:26:36 INFO  ApacheHttpClient.getTaskTemplateInfo(353) - responseCode = 200
2022-02-17 09:26:36 INFO  TaskInfoSelectorMouseListener.createDirectoryRecursive(77) - File created :D:/YandexDisk/Java/JavaRush/JavaRushTasks/4.JavaCollections/src/com/javarush/task/task33
2022-02-17 09:26:36 INFO  TaskInfoSelectorMouseListener.createDirectoryRecursive(77) - File created :D:/YandexDisk/Java/JavaRush/JavaRushTasks/4.JavaCollections/src/com/javarush/task/task33/task3310
2022-02-18 09:47:49 INFO  ApacheHttpClient.getWebResourceAsStream(502) - responseCode = 200
2022-02-18 09:47:49 INFO  ApacheHttpClient.getTask(488) - responseCode = 200
2022-02-18 09:47:51 INFO  ApacheHttpClient.completed(32) - responseCode = 200
2022-02-18 09:48:21 INFO  ApacheHttpClient.getWebResourceAsStream(502) - responseCode = 200
2022-02-18 09:48:22 INFO  ApacheHttpClient.getTask(488) - responseCode = 200
2022-02-18 09:48:23 INFO  ApacheHttpClient.completed(32) - responseCode = 200
2022-02-18 09:48:24 INFO  ApacheHttpClient.getTask(488) - responseCode = 200
2022-02-18 09:48:26 INFO  ApacheHttpClient.getWebResourceAsStream(502) - responseCode = 200
2022-02-18 09:48:26 INFO  ApacheHttpClient.getFilteredTasks(336) - responseCode = 200
2022-02-18 09:48:28 INFO  ApacheHttpClient.getTaskTemplateInfo(353) - responseCode = 200
2022-02-18 09:48:28 INFO  ApacheHttpClient.getTask(488) - responseCode = 200
2022-02-18 09:48:35 INFO  ProjectStartupHandler.projectClosing(155) - ---------- Project closed ----------

2022-02-18 09:48:36 INFO  ApacheHttpClient.getTask(488) - responseCode = 200
2022-02-18 09:48:36 INFO  ApacheHttpClient.getTask(488) - responseCode = 200
2022-02-18 09:48:36 INFO  PluginProjectService.dispose(41) - PluginProjectService for disposed.
2022-02-18 09:49:00 INFO  ProjectStartupHandler.runActivity(74) - ---------- Project opened ----------
2022-02-18 09:49:00 INFO  ProjectStartupHandler.runActivity(75) - ---------- Version 3.56 ----------

2022-02-18 09:49:00 INFO  ApacheHttpClient.isSessionAppropriateWithSecretKey(602) - Waiting for server response.
2022-02-18 09:49:01 INFO  ApacheHttpClient.refreshUserInfo(305) - responseCode = 200
2022-02-18 09:49:01 INFO  ApacheHttpClient.refreshUserInfo(311) - User information received.
2022-02-18 09:49:01 INFO  ApacheHttpClient.startGA(36) - GAService started.
2022-02-18 09:51:38 INFO  ApacheHttpClient.getWebResourceAsStream(502) - responseCode = 200
2022-02-18 09:51:39 INFO  ApacheHttpClient.getTask(488) - responseCode = 200
2022-02-18 09:51:40 INFO  ApacheHttpClient.completed(32) - responseCode = 200
2022-02-18 09:51:41 INFO  ApacheHttpClient.getTask(488) - responseCode = 200
2022-02-18 09:51:43 INFO  ApacheHttpClient.getWebResourceAsStream(502) - responseCode = 200
2022-02-18 09:51:44 INFO  ApacheHttpClient.getFilteredTasks(336) - responseCode = 200
2022-02-18 09:51:45 INFO  ApacheHttpClient.getTaskTemplateInfo(353) - responseCode = 200
2022-02-18 09:51:45 INFO  ApacheHttpClient.getTask(488) - responseCode = 200
2022-02-18 10:11:32 INFO  ApacheHttpClient.getWebResourceAsStream(502) - responseCode = 200
2022-02-18 10:11:33 INFO  ApacheHttpClient.getTask(488) - responseCode = 200
2022-02-18 10:11:34 INFO  ApacheHttpClient.completed(32) - responseCode = 200
2022-02-18 10:11:34 INFO  ApacheHttpClient.getTask(488) - responseCode = 200
2022-02-18 10:11:38 INFO  ApacheHttpClient.getWebResourceAsStream(502) - responseCode = 200
2022-02-18 10:11:38 INFO  ApacheHttpClient.getFilteredTasks(336) - responseCode = 200
2022-02-18 10:11:39 INFO  ApacheHttpClient.getTaskTemplateInfo(353) - responseCode = 200
2022-02-18 10:11:40 INFO  ApacheHttpClient.getTask(488) - responseCode = 200
2022-02-18 10:11:40 INFO  ApacheHttpClient.getTask(488) - responseCode = 200
2022-02-18 10:54:07 INFO  ApacheHttpClient.getWebResourceAsStream(502) - responseCode = 200
2022-02-18 10:54:08 INFO  ApacheHttpClient.getTask(488) - responseCode = 200
2022-02-18 10:54:09 INFO  ApacheHttpClient.completed(32) - responseCode = 200
2022-02-18 10:55:20 INFO  ApacheHttpClient.getWebResourceAsStream(502) - responseCode = 200
2022-02-18 10:55:21 INFO  ApacheHttpClient.getTask(488) - responseCode = 200
2022-02-18 10:55:24 INFO  ApacheHttpClient.completed(32) - responseCode = 200
2022-02-18 10:55:24 INFO  ApacheHttpClient.getTask(488) - responseCode = 200
2022-02-18 10:55:27 INFO  ApacheHttpClient.getWebResourceAsStream(502) - responseCode = 200
2022-02-18 10:55:27 INFO  ApacheHttpClient.getFilteredTasks(336) - responseCode = 200
2022-02-18 10:55:29 INFO  ApacheHttpClient.getTaskTemplateInfo(353) - responseCode = 200
2022-02-18 10:55:29 INFO  ApacheHttpClient.getTask(488) - responseCode = 200
2022-02-18 11:04:01 INFO  ApacheHttpClient.getWebResourceAsStream(502) - responseCode = 200
2022-02-18 11:04:01 INFO  ApacheHttpClient.getTask(488) - responseCode = 200
2022-02-18 11:04:02 INFO  ApacheHttpClient.completed(32) - responseCode = 200
2022-02-18 11:05:13 INFO  ApacheHttpClient.getWebResourceAsStream(502) - responseCode = 200
2022-02-18 11:05:14 INFO  ApacheHttpClient.getTask(488) - responseCode = 200
2022-02-18 11:05:17 INFO  ApacheHttpClient.completed(32) - responseCode = 200
2022-02-18 11:06:04 INFO  ApacheHttpClient.getWebResourceAsStream(502) - responseCode = 200
2022-02-18 11:06:05 INFO  ApacheHttpClient.getTask(488) - responseCode = 200
2022-02-18 11:06:06 INFO  ApacheHttpClient.completed(32) - responseCode = 200
2022-02-18 11:06:07 INFO  ApacheHttpClient.getTask(488) - responseCode = 200
2022-02-18 11:06:09 INFO  ApacheHttpClient.getWebResourceAsStream(502) - responseCode = 200
2022-02-18 11:06:09 INFO  ApacheHttpClient.getFilteredTasks(336) - responseCode = 200
2022-02-18 11:06:12 INFO  ApacheHttpClient.getTaskTemplateInfo(353) - responseCode = 200
2022-02-18 11:06:12 INFO  ApacheHttpClient.getTask(488) - responseCode = 200
2022-02-18 11:41:54 INFO  ProjectStartupHandler.projectClosing(155) - ---------- Project closed ----------

2022-02-18 11:41:54 INFO  ApacheHttpClient.getTask(488) - responseCode = 200
2022-02-18 11:41:54 INFO  ApacheHttpClient.getTask(488) - responseCode = 200
2022-02-18 11:41:55 INFO  ApacheHttpClient.getTask(488) - responseCode = 200
2022-02-18 11:41:55 INFO  ApacheHttpClient.getTask(488) - responseCode = 200
2022-02-18 11:41:55 INFO  ApacheHttpClient.getTask(488) - responseCode = 200
2022-02-18 11:41:55 INFO  PluginProjectService.dispose(41) - PluginProjectService for disposed.
2022-02-19 09:29:55 INFO  ProjectStartupHandler.runActivity(74) - ---------- Project opened ----------
2022-02-19 09:29:55 INFO  ProjectStartupHandler.runActivity(75) - ---------- Version 3.56 ----------

2022-02-19 09:29:55 INFO  ApacheHttpClient.isSessionAppropriateWithSecretKey(602) - Waiting for server response.
2022-02-19 09:29:55 INFO  ApacheHttpClient.refreshUserInfo(305) - responseCode = 200
2022-02-19 09:29:55 INFO  ApacheHttpClient.refreshUserInfo(311) - User information received.
2022-02-19 09:29:55 INFO  ApacheHttpClient.startGA(36) - GAService started.
2022-02-19 09:30:02 INFO  ApacheHttpClient.getWebResourceAsStream(502) - responseCode = 200
2022-02-19 09:30:02 INFO  ApacheHttpClient.getFilteredTasks(336) - responseCode = 200
2022-02-19 09:30:04 INFO  ApacheHttpClient.getTaskTemplateInfo(353) - responseCode = 200
2022-02-19 09:51:43 INFO  ProjectStartupHandler.projectClosing(155) - ---------- Project closed ----------

2022-02-19 09:51:43 INFO  ApacheHttpClient.getTask(488) - responseCode = 200
2022-02-19 09:51:43 INFO  PluginProjectService.dispose(41) - PluginProjectService for disposed.
2022-02-22 09:23:26 INFO  ProjectStartupHandler.runActivity(74) - ---------- Project opened ----------
2022-02-22 09:23:26 INFO  ProjectStartupHandler.runActivity(75) - ---------- Version 3.56 ----------

2022-02-22 09:23:26 INFO  ApacheHttpClient.isSessionAppropriateWithSecretKey(602) - Waiting for server response.
2022-02-22 09:23:26 INFO  ApacheHttpClient.refreshUserInfo(305) - responseCode = 200
2022-02-22 09:23:26 INFO  ApacheHttpClient.refreshUserInfo(311) - User information received.
2022-02-22 09:23:26 INFO  ApacheHttpClient.startGA(36) - GAService started.
2022-02-23 09:51:07 INFO  ApacheHttpClient.getWebResourceAsStream(502) - responseCode = 200
2022-02-23 09:51:07 INFO  ApacheHttpClient.getTask(488) - responseCode = 200
2022-02-23 09:51:12 INFO  ApacheHttpClient.completed(32) - responseCode = 200
2022-02-23 10:19:50 INFO  ApacheHttpClient.getWebResourceAsStream(502) - responseCode = 200
2022-02-23 10:19:50 INFO  ApacheHttpClient.getTask(488) - responseCode = 200
2022-02-23 10:19:56 INFO  ApacheHttpClient.completed(32) - responseCode = 200
2022-02-23 10:19:56 INFO  ApacheHttpClient.getTask(488) - responseCode = 200
2022-02-23 10:19:59 INFO  ApacheHttpClient.getWebResourceAsStream(502) - responseCode = 200
2022-02-23 10:19:59 INFO  ApacheHttpClient.getFilteredTasks(336) - responseCode = 200
2022-02-23 10:20:01 INFO  ApacheHttpClient.getTaskTemplateInfo(353) - responseCode = 200
2022-02-23 10:20:12 INFO  ProjectStartupHandler.projectClosing(155) - ---------- Project closed ----------

2022-02-23 10:20:12 INFO  ApacheHttpClient.getTask(488) - responseCode = 200
2022-02-23 10:20:13 INFO  ApacheHttpClient.getTask(488) - responseCode = 200
2022-02-23 10:20:13 INFO  PluginProjectService.dispose(41) - PluginProjectService for disposed.
2022-02-28 09:51:44 INFO  ProjectStartupHandler.runActivity(74) - ---------- Project opened ----------
2022-02-28 09:51:44 INFO  ProjectStartupHandler.runActivity(75) - ---------- Version 3.56 ----------

2022-02-28 09:51:44 INFO  ApacheHttpClient.isSessionAppropriateWithSecretKey(602) - Waiting for server response.
2022-02-28 09:51:45 INFO  ApacheHttpClient.refreshUserInfo(305) - responseCode = 200
2022-02-28 09:51:45 INFO  ApacheHttpClient.refreshUserInfo(311) - User information received.
2022-02-28 09:51:45 INFO  ApacheHttpClient.startGA(36) - GAService started.
2022-02-28 10:18:42 INFO  ApacheHttpClient.getWebResourceAsStream(502) - responseCode = 200
2022-02-28 10:18:42 INFO  ApacheHttpClient.getTask(488) - responseCode = 200
2022-02-28 10:18:42 INFO  ApacheHttpClient.completed(32) - responseCode = 200
2022-02-28 10:19:06 INFO  ApacheHttpClient.getWebResourceAsStream(502) - responseCode = 200
2022-02-28 10:19:06 INFO  ApacheHttpClient.getTask(488) - responseCode = 200
2022-02-28 10:19:08 INFO  ApacheHttpClient.completed(32) - responseCode = 200
2022-02-28 10:20:16 INFO  ApacheHttpClient.getWebResourceAsStream(502) - responseCode = 200
2022-02-28 10:20:17 INFO  ApacheHttpClient.getTask(488) - responseCode = 200
2022-02-28 10:20:20 INFO  ApacheHttpClient.completed(32) - responseCode = 200
2022-02-28 10:20:20 INFO  ApacheHttpClient.getTask(488) - responseCode = 200
2022-02-28 10:20:23 INFO  ApacheHttpClient.getWebResourceAsStream(502) - responseCode = 200
2022-02-28 10:20:24 INFO  ApacheHttpClient.getFilteredTasks(336) - responseCode = 200
2022-02-28 10:20:25 INFO  ApacheHttpClient.getTaskTemplateInfo(353) - responseCode = 200
2022-02-28 10:20:32 INFO  ApacheHttpClient.getTask(488) - responseCode = 200
2022-03-01 10:08:38 INFO  ApacheHttpClient.getWebResourceAsStream(502) - responseCode = 200
2022-03-01 10:08:39 INFO  ApacheHttpClient.getTask(488) - responseCode = 200
2022-03-01 10:08:40 INFO  ApacheHttpClient.completed(32) - responseCode = 200
2022-03-01 10:23:49 INFO  ApacheHttpClient.getWebResourceAsStream(502) - responseCode = 200
2022-03-01 10:23:50 INFO  ApacheHttpClient.getTask(488) - responseCode = 200
2022-03-01 10:23:51 INFO  ApacheHttpClient.completed(32) - responseCode = 200
2022-03-01 10:25:59 INFO  ApacheHttpClient.getWebResourceAsStream(502) - responseCode = 200
2022-03-01 10:25:59 INFO  ApacheHttpClient.getTask(488) - responseCode = 200
2022-03-01 10:26:00 INFO  ApacheHttpClient.completed(32) - responseCode = 200
2022-03-01 10:29:16 INFO  ApacheHttpClient.getWebResourceAsStream(502) - responseCode = 200
2022-03-01 10:29:16 INFO  ApacheHttpClient.getTask(488) - responseCode = 200
2022-03-01 10:29:19 INFO  ApacheHttpClient.completed(32) - responseCode = 200
2022-03-01 10:29:19 INFO  ApacheHttpClient.getTask(488) - responseCode = 200
2022-03-01 10:30:02 INFO  ApacheHttpClient.getWebResourceAsStream(502) - responseCode = 200
2022-03-01 10:30:03 INFO  ApacheHttpClient.getFilteredTasks(336) - responseCode = 200
2022-03-01 10:30:05 INFO  ApacheHttpClient.getTaskTemplateInfo(353) - responseCode = 200
2022-03-01 10:30:05 INFO  ApacheHttpClient.getTask(488) - responseCode = 200
2022-03-01 10:31:31 INFO  ProjectStartupHandler.projectClosing(155) - ---------- Project closed ----------

2022-03-01 10:31:31 INFO  ApacheHttpClient.getTask(488) - responseCode = 200
2022-03-01 10:31:31 INFO  ApacheHttpClient.getTask(488) - responseCode = 200
2022-03-01 10:31:31 INFO  ApacheHttpClient.getTask(488) - responseCode = 200
2022-03-01 10:31:31 INFO  PluginProjectService.dispose(41) - PluginProjectService for disposed.
2022-03-01 10:31:59 INFO  ProjectStartupHandler.runActivity(74) - ---------- Project opened ----------
2022-03-01 10:31:59 INFO  ProjectStartupHandler.runActivity(75) - ---------- Version 3.56 ----------

2022-03-01 10:31:59 INFO  ApacheHttpClient.isSessionAppropriateWithSecretKey(602) - Waiting for server response.
2022-03-01 10:31:59 INFO  ApacheHttpClient.refreshUserInfo(305) - responseCode = 200
2022-03-01 10:31:59 INFO  ApacheHttpClient.refreshUserInfo(311) - User information received.
2022-03-01 10:31:59 INFO  ApacheHttpClient.startGA(36) - GAService started.
2022-03-01 10:40:31 INFO  ProjectStartupHandler.projectClosing(155) - ---------- Project closed ----------

2022-03-01 10:40:31 INFO  ApacheHttpClient.getTask(488) - responseCode = 200
2022-03-01 10:40:32 INFO  PluginProjectService.dispose(41) - PluginProjectService for disposed.
2022-03-02 08:28:33 INFO  ProjectStartupHandler.runActivity(74) - ---------- Project opened ----------
2022-03-02 08:28:33 INFO  ProjectStartupHandler.runActivity(75) - ---------- Version 3.56 ----------

2022-03-02 08:28:33 INFO  ApacheHttpClient.isSessionAppropriateWithSecretKey(602) - Waiting for server response.
2022-03-02 08:28:34 INFO  ApacheHttpClient.refreshUserInfo(305) - responseCode = 200
2022-03-02 08:28:34 INFO  ApacheHttpClient.refreshUserInfo(311) - User information received.
2022-03-02 08:28:34 INFO  ApacheHttpClient.startGA(36) - GAService started.
2022-03-02 11:28:11 INFO  ApacheHttpClient.getWebResourceAsStream(502) - responseCode = 200
2022-03-02 11:28:12 INFO  ApacheHttpClient.getTask(488) - responseCode = 200
2022-03-02 11:28:18 INFO  ApacheHttpClient.completed(32) - responseCode = 200
2022-03-02 11:44:02 INFO  ApacheHttpClient.getWebResourceAsStream(502) - responseCode = 200
2022-03-02 11:44:02 INFO  ApacheHttpClient.getTask(488) - responseCode = 200
2022-03-02 11:44:06 INFO  ApacheHttpClient.completed(32) - responseCode = 200
2022-03-02 11:44:49 INFO  ApacheHttpClient.getWebResourceAsStream(502) - responseCode = 200
2022-03-02 11:44:49 INFO  ApacheHttpClient.getTask(488) - responseCode = 200
2022-03-02 11:44:53 INFO  ApacheHttpClient.completed(32) - responseCode = 200
2022-03-02 11:45:45 INFO  ApacheHttpClient.getWebResourceAsStream(502) - responseCode = 200
2022-03-02 11:45:45 INFO  ApacheHttpClient.getTask(488) - responseCode = 200
2022-03-02 11:45:49 INFO  ApacheHttpClient.completed(32) - responseCode = 200
2022-03-02 11:48:21 INFO  ApacheHttpClient.getWebResourceAsStream(502) - responseCode = 200
2022-03-02 11:48:21 INFO  ApacheHttpClient.getTask(488) - responseCode = 200
2022-03-02 11:48:25 INFO  ApacheHttpClient.completed(32) - responseCode = 200
2022-03-02 11:53:11 INFO  ApacheHttpClient.getWebResourceAsStream(502) - responseCode = 200
2022-03-02 11:53:11 INFO  ApacheHttpClient.getTask(488) - responseCode = 200
2022-03-02 11:53:15 INFO  ApacheHttpClient.completed(32) - responseCode = 200
2022-03-02 11:55:17 INFO  ApacheHttpClient.getWebResourceAsStream(502) - responseCode = 200
2022-03-02 11:55:17 INFO  ApacheHttpClient.getTask(488) - responseCode = 200
2022-03-02 11:55:21 INFO  ApacheHttpClient.completed(32) - responseCode = 200
2022-03-02 11:56:31 INFO  ApacheHttpClient.getWebResourceAsStream(502) - responseCode = 200
2022-03-02 11:56:32 INFO  ApacheHttpClient.getTask(488) - responseCode = 200
2022-03-02 11:56:36 INFO  ApacheHttpClient.completed(32) - responseCode = 200
2022-03-02 11:58:09 INFO  ApacheHttpClient.getWebResourceAsStream(502) - responseCode = 200
2022-03-02 11:58:10 INFO  ApacheHttpClient.getTask(488) - responseCode = 200
2022-03-02 11:58:14 INFO  ApacheHttpClient.completed(32) - responseCode = 200
2022-03-02 11:58:14 INFO  ApacheHttpClient.getTask(488) - responseCode = 200
2022-03-02 11:58:22 INFO  ApacheHttpClient.getWebResourceAsStream(502) - responseCode = 200
2022-03-02 11:58:22 INFO  ApacheHttpClient.getFilteredTasks(336) - responseCode = 200
2022-03-02 11:58:33 INFO  ApacheHttpClient.getTaskTemplateInfo(353) - responseCode = 200
2022-03-03 11:14:43 INFO  ApacheHttpClient.getWebResourceAsStream(502) - responseCode = 200
2022-03-03 11:14:43 INFO  ApacheHttpClient.getTask(488) - responseCode = 200
2022-03-03 11:14:46 INFO  ApacheHttpClient.completed(32) - responseCode = 200
2022-03-03 11:16:24 INFO  ApacheHttpClient.getWebResourceAsStream(502) - responseCode = 200
2022-03-03 11:16:25 INFO  ApacheHttpClient.getTask(488) - responseCode = 200
2022-03-03 11:16:27 INFO  ApacheHttpClient.completed(32) - responseCode = 200
2022-03-03 11:20:12 INFO  ApacheHttpClient.getWebResourceAsStream(502) - responseCode = 200
2022-03-03 11:20:13 INFO  ApacheHttpClient.getTask(488) - responseCode = 200
2022-03-03 11:20:15 INFO  ApacheHttpClient.completed(32) - responseCode = 200
2022-03-03 11:20:15 INFO  ApacheHttpClient.getTask(488) - responseCode = 200
2022-03-03 11:20:19 INFO  ApacheHttpClient.getWebResourceAsStream(502) - responseCode = 200
2022-03-03 11:20:19 INFO  ApacheHttpClient.getFilteredTasks(336) - responseCode = 200
2022-03-03 11:20:21 INFO  ApacheHttpClient.getTaskTemplateInfo(353) - responseCode = 200
2022-03-03 11:20:21 INFO  ApacheHttpClient.getTask(488) - responseCode = 200
2022-03-04 11:12:00 INFO  ApacheHttpClient.getWebResourceAsStream(502) - responseCode = 200
2022-03-04 11:12:00 INFO  ApacheHttpClient.getTask(488) - responseCode = 200
2022-03-04 11:12:05 INFO  ApacheHttpClient.completed(32) - responseCode = 200
2022-03-04 11:12:06 INFO  ApacheHttpClient.getTask(488) - responseCode = 200
2022-03-04 11:12:10 INFO  ApacheHttpClient.getWebResourceAsStream(502) - responseCode = 200
2022-03-04 11:12:11 INFO  ApacheHttpClient.getFilteredTasks(336) - responseCode = 200
2022-03-04 11:12:13 INFO  ApacheHttpClient.getTaskTemplateInfo(353) - responseCode = 200
2022-03-04 11:12:13 INFO  ApacheHttpClient.getTask(488) - responseCode = 200
2022-03-04 11:44:42 INFO  ApacheHttpClient.getWebResourceAsStream(502) - responseCode = 200
2022-03-04 11:44:42 INFO  ApacheHttpClient.getTask(488) - responseCode = 200
2022-03-04 11:44:46 INFO  ApacheHttpClient.completed(32) - responseCode = 200
2022-03-04 11:44:46 INFO  ApacheHttpClient.getTask(488) - responseCode = 200
2022-03-04 11:44:51 INFO  ApacheHttpClient.getWebResourceAsStream(502) - responseCode = 200
2022-03-04 11:44:51 INFO  ApacheHttpClient.getFilteredTasks(336) - responseCode = 200
2022-03-04 11:44:53 INFO  ApacheHttpClient.getTaskTemplateInfo(353) - responseCode = 200
2022-03-04 11:44:53 INFO  ApacheHttpClient.getTask(488) - responseCode = 200
2022-03-04 11:44:53 INFO  ApacheHttpClient.getTaskTemplateInfo(353) - responseCode = 200
2022-03-04 11:51:05 INFO  ApacheHttpClient.getWebResourceAsStream(502) - responseCode = 200
2022-03-04 11:51:05 INFO  ApacheHttpClient.getTask(488) - responseCode = 200
2022-03-04 11:51:09 INFO  ApacheHttpClient.completed(32) - responseCode = 200
2022-03-04 11:51:10 INFO  ApacheHttpClient.getTask(488) - responseCode = 200
2022-03-04 11:51:13 INFO  ApacheHttpClient.getWebResourceAsStream(502) - responseCode = 200
2022-03-04 11:51:13 INFO  ApacheHttpClient.getFilteredTasks(336) - responseCode = 200
2022-03-04 11:51:15 INFO  ApacheHttpClient.getTaskTemplateInfo(353) - responseCode = 200
2022-03-04 11:51:16 INFO  ApacheHttpClient.getTask(488) - responseCode = 200
2022-03-04 11:53:49 INFO  ProjectStartupHandler.projectClosing(155) - ---------- Project closed ----------

2022-03-04 11:53:49 INFO  ApacheHttpClient.getTask(488) - responseCode = 200
2022-03-04 11:53:49 INFO  ApacheHttpClient.getTask(488) - responseCode = 200
2022-03-04 11:53:49 INFO  ApacheHttpClient.getTask(488) - responseCode = 200
2022-03-04 11:53:50 INFO  ApacheHttpClient.getTask(488) - responseCode = 200
2022-03-04 11:53:50 INFO  ApacheHttpClient.getTask(488) - responseCode = 200
2022-03-04 11:53:50 INFO  ApacheHttpClient.getTask(488) - responseCode = 200
2022-03-04 11:53:50 INFO  PluginProjectService.dispose(41) - PluginProjectService for disposed.
2022-03-08 13:20:17 INFO  ProjectStartupHandler.runActivity(74) - ---------- Project opened ----------
2022-03-08 13:20:17 INFO  ProjectStartupHandler.runActivity(75) - ---------- Version 3.56 ----------

2022-03-08 13:20:17 ERROR HttpsURLConnectionClient.getServerAvailabilityStatus(730) - Error while checking server availability.
java.net.UnknownHostException: javarush.ru
	at java.base/java.net.AbstractPlainSocketImpl.connect(AbstractPlainSocketImpl.java:220)
	at java.base/java.net.SocksSocketImpl.connect(SocksSocketImpl.java:392)
	at java.base/java.net.Socket.connect(Socket.java:609)
	at java.base/sun.security.ssl.SSLSocketImpl.connect(SSLSocketImpl.java:299)
	at java.base/sun.net.NetworkClient.doConnect(NetworkClient.java:177)
	at java.base/sun.net.www.http.HttpClient.openServer(HttpClient.java:474)
	at java.base/sun.net.www.http.HttpClient.openServer(HttpClient.java:569)
	at java.base/sun.net.www.protocol.https.HttpsClient.<init>(HttpsClient.java:266)
	at java.base/sun.net.www.protocol.https.HttpsClient.New(HttpsClient.java:373)
	at java.base/sun.net.www.protocol.https.AbstractDelegateHttpsURLConnection.getNewHttpClient(AbstractDelegateHttpsURLConnection.java:203)
	at java.base/sun.net.www.protocol.http.HttpURLConnection.plainConnect0(HttpURLConnection.java:1187)
	at java.base/sun.net.www.protocol.http.HttpURLConnection.plainConnect(HttpURLConnection.java:1081)
	at java.base/sun.net.www.protocol.https.AbstractDelegateHttpsURLConnection.connect(AbstractDelegateHttpsURLConnection.java:189)
	at java.base/sun.net.www.protocol.https.HttpsURLConnectionImpl.connect(HttpsURLConnectionImpl.java:168)
	at com.homework.plugin.client.HttpsURLConnectionClient.getServerAvailabilityStatus(HttpsURLConnectionClient.java:714)
	at com.homework.plugin.extension.ProjectStartupHandler.runActivity(ProjectStartupHandler.java:85)
	at com.intellij.ide.startup.impl.StartupManagerImpl.runStartupActivity(StartupManagerImpl.kt:308)
	at com.intellij.ide.startup.impl.StartupManagerImpl.runActivityAndMeasureDuration(StartupManagerImpl.kt:289)
	at com.intellij.ide.startup.impl.StartupManagerImpl.runActivityAndMeasureDuration$default(StartupManagerImpl.kt:284)
	at com.intellij.ide.startup.impl.StartupManagerImpl$runPostStartupActivities$1$2.run(StartupManagerImpl.kt:253)
	at com.intellij.openapi.project.DumbServiceImpl.doRun(DumbServiceImpl.java:395)
	at com.intellij.openapi.project.DumbServiceImpl.updateFinished(DumbServiceImpl.java:387)
	at com.intellij.openapi.project.TrackedEdtActivityService$TrackedEdtActivity.run(TrackedEdtActivityService.java:66)
	at com.intellij.openapi.application.TransactionGuardImpl.runWithWritingAllowed(TransactionGuardImpl.java:214)
	at com.intellij.openapi.application.TransactionGuardImpl.access$200(TransactionGuardImpl.java:21)
	at com.intellij.openapi.application.TransactionGuardImpl$2.run(TransactionGuardImpl.java:196)
	at com.intellij.openapi.application.impl.ApplicationImpl.runIntendedWriteActionOnCurrentThread(ApplicationImpl.java:805)
	at com.intellij.openapi.application.impl.ApplicationImpl.lambda$invokeLater$4(ApplicationImpl.java:348)
	at com.intellij.openapi.application.impl.FlushQueue.doRun(FlushQueue.java:82)
	at com.intellij.openapi.application.impl.FlushQueue.runNextEvent(FlushQueue.java:131)
	at com.intellij.openapi.application.impl.FlushQueue.flushNow(FlushQueue.java:47)
	at com.intellij.openapi.application.impl.FlushQueue$FlushNow.run(FlushQueue.java:187)
	at java.desktop/java.awt.event.InvocationEvent.dispatch(InvocationEvent.java:313)
	at java.desktop/java.awt.EventQueue.dispatchEventImpl(EventQueue.java:776)
	at java.desktop/java.awt.EventQueue$4.run(EventQueue.java:727)
	at java.desktop/java.awt.EventQueue$4.run(EventQueue.java:721)
	at java.base/java.security.AccessController.doPrivileged(Native Method)
	at java.base/java.security.ProtectionDomain$JavaSecurityAccessImpl.doIntersectionPrivilege(ProtectionDomain.java:85)
	at java.desktop/java.awt.EventQueue.dispatchEvent(EventQueue.java:746)
	at com.intellij.ide.IdeEventQueue.defaultDispatchEvent(IdeEventQueue.java:891)
	at com.intellij.ide.IdeEventQueue._dispatchEvent(IdeEventQueue.java:760)
	at com.intellij.ide.IdeEventQueue.lambda$dispatchEvent$6(IdeEventQueue.java:447)
	at com.intellij.openapi.progress.impl.CoreProgressManager.computePrioritized(CoreProgressManager.java:818)
	at com.intellij.ide.IdeEventQueue.lambda$dispatchEvent$7(IdeEventQueue.java:446)
	at com.intellij.openapi.application.impl.ApplicationImpl.runIntendedWriteActionOnCurrentThread(ApplicationImpl.java:805)
	at com.intellij.ide.IdeEventQueue.dispatchEvent(IdeEventQueue.java:492)
	at java.desktop/java.awt.EventDispatchThread.pumpOneEventForFilters(EventDispatchThread.java:203)
	at java.desktop/java.awt.EventDispatchThread.pumpEventsForFilter(EventDispatchThread.java:124)
	at java.desktop/java.awt.EventDispatchThread.pumpEventsForHierarchy(EventDispatchThread.java:113)
	at java.desktop/java.awt.EventDispatchThread.pumpEvents(EventDispatchThread.java:109)
	at java.desktop/java.awt.EventDispatchThread.pumpEvents(EventDispatchThread.java:101)
	at java.desktop/java.awt.EventDispatchThread.run(EventDispatchThread.java:90)
2022-03-08 13:20:17 INFO  AnalyticsService.run(89) - 
java.net.UnknownHostException: javarush.ru
	at java.base/java.net.InetAddress$CachedAddresses.get(InetAddress.java:797)
	at java.base/java.net.InetAddress.getAllByName0(InetAddress.java:1509)
	at java.base/java.net.InetAddress.getAllByName(InetAddress.java:1368)
	at java.base/java.net.InetAddress.getAllByName(InetAddress.java:1302)
	at org.apache.http.impl.conn.SystemDefaultDnsResolver.resolve(SystemDefaultDnsResolver.java:45)
	at org.apache.http.impl.conn.DefaultHttpClientConnectionOperator.connect(DefaultHttpClientConnectionOperator.java:111)
	at org.apache.http.impl.conn.PoolingHttpClientConnectionManager.connect(PoolingHttpClientConnectionManager.java:353)
	at org.apache.http.impl.execchain.MainClientExec.establishRoute(MainClientExec.java:380)
	at org.apache.http.impl.execchain.MainClientExec.execute(MainClientExec.java:236)
	at org.apache.http.impl.execchain.ProtocolExec.execute(ProtocolExec.java:184)
	at org.apache.http.impl.execchain.RetryExec.execute(RetryExec.java:88)
	at org.apache.http.impl.execchain.RedirectExec.execute(RedirectExec.java:110)
	at org.apache.http.impl.client.InternalHttpClient.doExecute(InternalHttpClient.java:184)
	at org.apache.http.impl.client.CloseableHttpClient.execute(CloseableHttpClient.java:82)
	at org.apache.http.impl.client.CloseableHttpClient.execute(CloseableHttpClient.java:107)
	at com.homework.plugin.analytics.AnalyticsService$1.run(AnalyticsService.java:82)
	at java.base/java.util.concurrent.ThreadPoolExecutor.runWorker(ThreadPoolExecutor.java:1128)
	at java.base/java.util.concurrent.ThreadPoolExecutor$Worker.run(ThreadPoolExecutor.java:628)
	at java.base/java.lang.Thread.run(Thread.java:829)
2022-03-08 13:41:05 ERROR HttpsURLConnectionClient.getServerAvailabilityStatus(730) - Error while checking server availability.
java.net.UnknownHostException: javarush.ru
	at java.base/java.net.AbstractPlainSocketImpl.connect(AbstractPlainSocketImpl.java:220)
	at java.base/java.net.SocksSocketImpl.connect(SocksSocketImpl.java:392)
	at java.base/java.net.Socket.connect(Socket.java:609)
	at java.base/sun.security.ssl.SSLSocketImpl.connect(SSLSocketImpl.java:299)
	at java.base/sun.net.NetworkClient.doConnect(NetworkClient.java:177)
	at java.base/sun.net.www.http.HttpClient.openServer(HttpClient.java:474)
	at java.base/sun.net.www.http.HttpClient.openServer(HttpClient.java:569)
	at java.base/sun.net.www.protocol.https.HttpsClient.<init>(HttpsClient.java:266)
	at java.base/sun.net.www.protocol.https.HttpsClient.New(HttpsClient.java:373)
	at java.base/sun.net.www.protocol.https.AbstractDelegateHttpsURLConnection.getNewHttpClient(AbstractDelegateHttpsURLConnection.java:203)
	at java.base/sun.net.www.protocol.http.HttpURLConnection.plainConnect0(HttpURLConnection.java:1187)
	at java.base/sun.net.www.protocol.http.HttpURLConnection.plainConnect(HttpURLConnection.java:1081)
	at java.base/sun.net.www.protocol.https.AbstractDelegateHttpsURLConnection.connect(AbstractDelegateHttpsURLConnection.java:189)
	at java.base/sun.net.www.protocol.https.HttpsURLConnectionImpl.connect(HttpsURLConnectionImpl.java:168)
	at com.homework.plugin.client.HttpsURLConnectionClient.getServerAvailabilityStatus(HttpsURLConnectionClient.java:714)
	at com.homework.plugin.button.AbstractButton.isServerAvailable(AbstractButton.java:71)
	at com.homework.plugin.button.SelectTaskButton.actionPerformed(SelectTaskButton.java:18)
	at com.intellij.openapi.actionSystem.impl.ActionButton.actionPerformed(ActionButton.java:172)
	at com.intellij.openapi.actionSystem.impl.ActionButton.lambda$performAction$0(ActionButton.java:151)
	at com.intellij.openapi.actionSystem.ex.ActionUtil.performDumbAwareWithCallbacks(ActionUtil.java:265)
	at com.intellij.openapi.actionSystem.impl.ActionButton.performAction(ActionButton.java:151)
	at com.intellij.openapi.actionSystem.impl.ActionButton.processMouseEvent(ActionButton.java:433)
	at java.desktop/java.awt.Component.processEvent(Component.java:6419)
	at java.desktop/java.awt.Container.processEvent(Container.java:2263)
	at java.desktop/java.awt.Component.dispatchEventImpl(Component.java:5029)
	at java.desktop/java.awt.Container.dispatchEventImpl(Container.java:2321)
	at java.desktop/java.awt.Component.dispatchEvent(Component.java:4861)
	at java.desktop/java.awt.LightweightDispatcher.retargetMouseEvent(Container.java:4918)
	at java.desktop/java.awt.LightweightDispatcher.processMouseEvent(Container.java:4547)
	at java.desktop/java.awt.LightweightDispatcher.dispatchEvent(Container.java:4488)
	at java.desktop/java.awt.Container.dispatchEventImpl(Container.java:2307)
	at java.desktop/java.awt.Window.dispatchEventImpl(Window.java:2790)
	at java.desktop/java.awt.Component.dispatchEvent(Component.java:4861)
	at java.desktop/java.awt.EventQueue.dispatchEventImpl(EventQueue.java:778)
	at java.desktop/java.awt.EventQueue$4.run(EventQueue.java:727)
	at java.desktop/java.awt.EventQueue$4.run(EventQueue.java:721)
	at java.base/java.security.AccessController.doPrivileged(Native Method)
	at java.base/java.security.ProtectionDomain$JavaSecurityAccessImpl.doIntersectionPrivilege(ProtectionDomain.java:85)
	at java.base/java.security.ProtectionDomain$JavaSecurityAccessImpl.doIntersectionPrivilege(ProtectionDomain.java:95)
	at java.desktop/java.awt.EventQueue$5.run(EventQueue.java:751)
	at java.desktop/java.awt.EventQueue$5.run(EventQueue.java:749)
	at java.base/java.security.AccessController.doPrivileged(Native Method)
	at java.base/java.security.ProtectionDomain$JavaSecurityAccessImpl.doIntersectionPrivilege(ProtectionDomain.java:85)
	at java.desktop/java.awt.EventQueue.dispatchEvent(EventQueue.java:748)
	at com.intellij.ide.IdeEventQueue.defaultDispatchEvent(IdeEventQueue.java:891)
	at com.intellij.ide.IdeEventQueue.dispatchMouseEvent(IdeEventQueue.java:820)
	at com.intellij.ide.IdeEventQueue._dispatchEvent(IdeEventQueue.java:757)
	at com.intellij.ide.IdeEventQueue.lambda$dispatchEvent$6(IdeEventQueue.java:447)
	at com.intellij.openapi.progress.impl.CoreProgressManager.computePrioritized(CoreProgressManager.java:818)
	at com.intellij.ide.IdeEventQueue.lambda$dispatchEvent$7(IdeEventQueue.java:446)
	at com.intellij.openapi.application.impl.ApplicationImpl.runIntendedWriteActionOnCurrentThread(ApplicationImpl.java:805)
	at com.intellij.ide.IdeEventQueue.dispatchEvent(IdeEventQueue.java:498)
	at java.desktop/java.awt.EventDispatchThread.pumpOneEventForFilters(EventDispatchThread.java:203)
	at java.desktop/java.awt.EventDispatchThread.pumpEventsForFilter(EventDispatchThread.java:124)
	at java.desktop/java.awt.EventDispatchThread.pumpEventsForHierarchy(EventDispatchThread.java:113)
	at java.desktop/java.awt.EventDispatchThread.pumpEvents(EventDispatchThread.java:109)
	at java.desktop/java.awt.EventDispatchThread.pumpEvents(EventDispatchThread.java:101)
	at java.desktop/java.awt.EventDispatchThread.run(EventDispatchThread.java:90)
2022-03-08 13:41:05 WARN  SelectTaskButton.isServerAvailable(79) - The server is unavailable. Wait a little, restart IntelliJ IDEA and try again.
com.homework.plugin.analytics.PluginWarningException: warning
	at com.homework.plugin.button.AbstractButton.isServerAvailable(AbstractButton.java:79)
	at com.homework.plugin.button.SelectTaskButton.actionPerformed(SelectTaskButton.java:18)
	at com.intellij.openapi.actionSystem.impl.ActionButton.actionPerformed(ActionButton.java:172)
	at com.intellij.openapi.actionSystem.impl.ActionButton.lambda$performAction$0(ActionButton.java:151)
	at com.intellij.openapi.actionSystem.ex.ActionUtil.performDumbAwareWithCallbacks(ActionUtil.java:265)
	at com.intellij.openapi.actionSystem.impl.ActionButton.performAction(ActionButton.java:151)
	at com.intellij.openapi.actionSystem.impl.ActionButton.processMouseEvent(ActionButton.java:433)
	at java.desktop/java.awt.Component.processEvent(Component.java:6419)
	at java.desktop/java.awt.Container.processEvent(Container.java:2263)
	at java.desktop/java.awt.Component.dispatchEventImpl(Component.java:5029)
	at java.desktop/java.awt.Container.dispatchEventImpl(Container.java:2321)
	at java.desktop/java.awt.Component.dispatchEvent(Component.java:4861)
	at java.desktop/java.awt.LightweightDispatcher.retargetMouseEvent(Container.java:4918)
	at java.desktop/java.awt.LightweightDispatcher.processMouseEvent(Container.java:4547)
	at java.desktop/java.awt.LightweightDispatcher.dispatchEvent(Container.java:4488)
	at java.desktop/java.awt.Container.dispatchEventImpl(Container.java:2307)
	at java.desktop/java.awt.Window.dispatchEventImpl(Window.java:2790)
	at java.desktop/java.awt.Component.dispatchEvent(Component.java:4861)
	at java.desktop/java.awt.EventQueue.dispatchEventImpl(EventQueue.java:778)
	at java.desktop/java.awt.EventQueue$4.run(EventQueue.java:727)
	at java.desktop/java.awt.EventQueue$4.run(EventQueue.java:721)
	at java.base/java.security.AccessController.doPrivileged(Native Method)
	at java.base/java.security.ProtectionDomain$JavaSecurityAccessImpl.doIntersectionPrivilege(ProtectionDomain.java:85)
	at java.base/java.security.ProtectionDomain$JavaSecurityAccessImpl.doIntersectionPrivilege(ProtectionDomain.java:95)
	at java.desktop/java.awt.EventQueue$5.run(EventQueue.java:751)
	at java.desktop/java.awt.EventQueue$5.run(EventQueue.java:749)
	at java.base/java.security.AccessController.doPrivileged(Native Method)
	at java.base/java.security.ProtectionDomain$JavaSecurityAccessImpl.doIntersectionPrivilege(ProtectionDomain.java:85)
	at java.desktop/java.awt.EventQueue.dispatchEvent(EventQueue.java:748)
	at com.intellij.ide.IdeEventQueue.defaultDispatchEvent(IdeEventQueue.java:891)
	at com.intellij.ide.IdeEventQueue.dispatchMouseEvent(IdeEventQueue.java:820)
	at com.intellij.ide.IdeEventQueue._dispatchEvent(IdeEventQueue.java:757)
	at com.intellij.ide.IdeEventQueue.lambda$dispatchEvent$6(IdeEventQueue.java:447)
	at com.intellij.openapi.progress.impl.CoreProgressManager.computePrioritized(CoreProgressManager.java:818)
	at com.intellij.ide.IdeEventQueue.lambda$dispatchEvent$7(IdeEventQueue.java:446)
	at com.intellij.openapi.application.impl.ApplicationImpl.runIntendedWriteActionOnCurrentThread(ApplicationImpl.java:805)
	at com.intellij.ide.IdeEventQueue.dispatchEvent(IdeEventQueue.java:498)
	at java.desktop/java.awt.EventDispatchThread.pumpOneEventForFilters(EventDispatchThread.java:203)
	at java.desktop/java.awt.EventDispatchThread.pumpEventsForFilter(EventDispatchThread.java:124)
	at java.desktop/java.awt.EventDispatchThread.pumpEventsForHierarchy(EventDispatchThread.java:113)
	at java.desktop/java.awt.EventDispatchThread.pumpEvents(EventDispatchThread.java:109)
	at java.desktop/java.awt.EventDispatchThread.pumpEvents(EventDispatchThread.java:101)
	at java.desktop/java.awt.EventDispatchThread.run(EventDispatchThread.java:90)
2022-03-08 13:41:05 INFO  AnalyticsService.run(89) - 
java.net.UnknownHostException: javarush.ru
	at java.base/java.net.InetAddress$CachedAddresses.get(InetAddress.java:797)
	at java.base/java.net.InetAddress.getAllByName0(InetAddress.java:1509)
	at java.base/java.net.InetAddress.getAllByName(InetAddress.java:1368)
	at java.base/java.net.InetAddress.getAllByName(InetAddress.java:1302)
	at org.apache.http.impl.conn.SystemDefaultDnsResolver.resolve(SystemDefaultDnsResolver.java:45)
	at org.apache.http.impl.conn.DefaultHttpClientConnectionOperator.connect(DefaultHttpClientConnectionOperator.java:111)
	at org.apache.http.impl.conn.PoolingHttpClientConnectionManager.connect(PoolingHttpClientConnectionManager.java:353)
	at org.apache.http.impl.execchain.MainClientExec.establishRoute(MainClientExec.java:380)
	at org.apache.http.impl.execchain.MainClientExec.execute(MainClientExec.java:236)
	at org.apache.http.impl.execchain.ProtocolExec.execute(ProtocolExec.java:184)
	at org.apache.http.impl.execchain.RetryExec.execute(RetryExec.java:88)
	at org.apache.http.impl.execchain.RedirectExec.execute(RedirectExec.java:110)
	at org.apache.http.impl.client.InternalHttpClient.doExecute(InternalHttpClient.java:184)
	at org.apache.http.impl.client.CloseableHttpClient.execute(CloseableHttpClient.java:82)
	at org.apache.http.impl.client.CloseableHttpClient.execute(CloseableHttpClient.java:107)
	at com.homework.plugin.analytics.AnalyticsService$1.run(AnalyticsService.java:82)
	at java.base/java.util.concurrent.ThreadPoolExecutor.runWorker(ThreadPoolExecutor.java:1128)
	at java.base/java.util.concurrent.ThreadPoolExecutor$Worker.run(ThreadPoolExecutor.java:628)
	at java.base/java.lang.Thread.run(Thread.java:829)
2022-03-08 13:41:05 INFO  AnalyticsService.run(89) - 
java.net.UnknownHostException: javarush.ru
	at java.base/java.net.InetAddress$CachedAddresses.get(InetAddress.java:797)
	at java.base/java.net.InetAddress.getAllByName0(InetAddress.java:1509)
	at java.base/java.net.InetAddress.getAllByName(InetAddress.java:1368)
	at java.base/java.net.InetAddress.getAllByName(InetAddress.java:1302)
	at org.apache.http.impl.conn.SystemDefaultDnsResolver.resolve(SystemDefaultDnsResolver.java:45)
	at org.apache.http.impl.conn.DefaultHttpClientConnectionOperator.connect(DefaultHttpClientConnectionOperator.java:111)
	at org.apache.http.impl.conn.PoolingHttpClientConnectionManager.connect(PoolingHttpClientConnectionManager.java:353)
	at org.apache.http.impl.execchain.MainClientExec.establishRoute(MainClientExec.java:380)
	at org.apache.http.impl.execchain.MainClientExec.execute(MainClientExec.java:236)
	at org.apache.http.impl.execchain.ProtocolExec.execute(ProtocolExec.java:184)
	at org.apache.http.impl.execchain.RetryExec.execute(RetryExec.java:88)
	at org.apache.http.impl.execchain.RedirectExec.execute(RedirectExec.java:110)
	at org.apache.http.impl.client.InternalHttpClient.doExecute(InternalHttpClient.java:184)
	at org.apache.http.impl.client.CloseableHttpClient.execute(CloseableHttpClient.java:82)
	at org.apache.http.impl.client.CloseableHttpClient.execute(CloseableHttpClient.java:107)
	at com.homework.plugin.analytics.AnalyticsService$1.run(AnalyticsService.java:82)
	at java.base/java.util.concurrent.ThreadPoolExecutor.runWorker(ThreadPoolExecutor.java:1128)
	at java.base/java.util.concurrent.ThreadPoolExecutor$Worker.run(ThreadPoolExecutor.java:628)
	at java.base/java.lang.Thread.run(Thread.java:829)
2022-03-08 13:41:05 INFO  AnalyticsService.run(89) - 
java.net.UnknownHostException: javarush.ru
	at java.base/java.net.InetAddress$CachedAddresses.get(InetAddress.java:797)
	at java.base/java.net.InetAddress.getAllByName0(InetAddress.java:1509)
	at java.base/java.net.InetAddress.getAllByName(InetAddress.java:1368)
	at java.base/java.net.InetAddress.getAllByName(InetAddress.java:1302)
	at org.apache.http.impl.conn.SystemDefaultDnsResolver.resolve(SystemDefaultDnsResolver.java:45)
	at org.apache.http.impl.conn.DefaultHttpClientConnectionOperator.connect(DefaultHttpClientConnectionOperator.java:111)
	at org.apache.http.impl.conn.PoolingHttpClientConnectionManager.connect(PoolingHttpClientConnectionManager.java:353)
	at org.apache.http.impl.execchain.MainClientExec.establishRoute(MainClientExec.java:380)
	at org.apache.http.impl.execchain.MainClientExec.execute(MainClientExec.java:236)
	at org.apache.http.impl.execchain.ProtocolExec.execute(ProtocolExec.java:184)
	at org.apache.http.impl.execchain.RetryExec.execute(RetryExec.java:88)
	at org.apache.http.impl.execchain.RedirectExec.execute(RedirectExec.java:110)
	at org.apache.http.impl.client.InternalHttpClient.doExecute(InternalHttpClient.java:184)
	at org.apache.http.impl.client.CloseableHttpClient.execute(CloseableHttpClient.java:82)
	at org.apache.http.impl.client.CloseableHttpClient.execute(CloseableHttpClient.java:107)
	at com.homework.plugin.analytics.AnalyticsService$1.run(AnalyticsService.java:82)
	at java.base/java.util.concurrent.ThreadPoolExecutor.runWorker(ThreadPoolExecutor.java:1128)
	at java.base/java.util.concurrent.ThreadPoolExecutor$Worker.run(ThreadPoolExecutor.java:628)
	at java.base/java.lang.Thread.run(Thread.java:829)
2022-03-08 13:41:13 INFO  PluginProjectService.dispose(41) - PluginProjectService for disposed.
2022-03-09 08:56:13 INFO  ProjectStartupHandler.runActivity(74) - ---------- Project opened ----------
2022-03-09 08:56:13 INFO  ProjectStartupHandler.runActivity(75) - ---------- Version 3.56 ----------

2022-03-09 08:56:13 INFO  ApacheHttpClient.isSessionAppropriateWithSecretKey(602) - Waiting for server response.
2022-03-09 08:56:13 INFO  ApacheHttpClient.refreshUserInfo(305) - responseCode = 200
2022-03-09 08:56:13 INFO  ApacheHttpClient.refreshUserInfo(311) - User information received.
2022-03-09 08:56:13 INFO  ApacheHttpClient.startGA(36) - GAService started.
2022-03-09 10:26:45 INFO  ApacheHttpClient.getWebResourceAsStream(502) - responseCode = 200
2022-03-09 10:26:45 INFO  ApacheHttpClient.getTask(488) - responseCode = 200
2022-03-09 10:26:48 INFO  ApacheHttpClient.completed(32) - responseCode = 200
2022-03-09 10:26:49 INFO  ApacheHttpClient.getTask(488) - responseCode = 200
2022-03-09 10:26:53 INFO  ApacheHttpClient.getWebResourceAsStream(502) - responseCode = 200
2022-03-09 10:26:54 INFO  ApacheHttpClient.getFilteredTasks(336) - responseCode = 200
2022-03-09 10:26:55 INFO  ApacheHttpClient.getTaskTemplateInfo(353) - responseCode = 200
2022-03-09 10:26:56 INFO  ApacheHttpClient.getTask(488) - responseCode = 200
2022-03-09 10:26:56 INFO  ApacheHttpClient.getTask(488) - responseCode = 200
2022-03-09 11:05:50 INFO  ApacheHttpClient.getWebResourceAsStream(502) - responseCode = 200
2022-03-09 11:05:50 INFO  ApacheHttpClient.getTask(488) - responseCode = 200
2022-03-09 11:05:55 INFO  ApacheHttpClient.completed(32) - responseCode = 200
2022-03-09 11:06:49 INFO  ApacheHttpClient.getWebResourceAsStream(502) - responseCode = 200
2022-03-09 11:06:49 INFO  ApacheHttpClient.getTask(488) - responseCode = 200
2022-03-09 11:06:53 INFO  ApacheHttpClient.completed(32) - responseCode = 200
2022-03-09 11:12:58 INFO  ApacheHttpClient.getWebResourceAsStream(502) - responseCode = 200
2022-03-09 11:12:58 INFO  ApacheHttpClient.getTask(488) - responseCode = 200
2022-03-09 11:13:03 INFO  ApacheHttpClient.completed(32) - responseCode = 200
2022-03-09 11:14:56 INFO  ApacheHttpClient.getWebResourceAsStream(502) - responseCode = 200
2022-03-09 11:14:56 INFO  ApacheHttpClient.getTask(488) - responseCode = 200
2022-03-09 11:15:01 INFO  ApacheHttpClient.completed(32) - responseCode = 200
2022-03-09 11:15:01 INFO  ApacheHttpClient.getTask(488) - responseCode = 200
2022-03-09 11:15:03 INFO  ApacheHttpClient.getWebResourceAsStream(502) - responseCode = 200
2022-03-09 11:15:03 INFO  ApacheHttpClient.getFilteredTasks(336) - responseCode = 200
2022-03-09 11:15:05 INFO  ApacheHttpClient.getTaskTemplateInfo(353) - responseCode = 200
2022-03-09 11:15:05 INFO  ApacheHttpClient.getTask(488) - responseCode = 200
2022-03-09 11:15:05 INFO  ApacheHttpClient.getTask(488) - responseCode = 200
2022-03-09 11:15:05 INFO  ApacheHttpClient.getTaskTemplateInfo(353) - responseCode = 200
2022-03-09 11:15:49 INFO  ApacheHttpClient.getWebResourceAsStream(502) - responseCode = 200
2022-03-09 11:15:50 INFO  ApacheHttpClient.getTask(488) - responseCode = 200
2022-03-09 11:15:51 INFO  ApacheHttpClient.completed(32) - responseCode = 200
2022-03-09 11:15:51 INFO  ApacheHttpClient.getTask(488) - responseCode = 200
